<?xml version="1.0" encoding="UTF-8"?>
<testng-results skipped="0" failed="0" ignored="0" total="2" passed="2">
  <reporter-output>
  </reporter-output>
  <suite name="Suiteclassname" duration-ms="101950" started-at="2020-02-23T10:08:25Z" finished-at="2020-02-23T10:10:07Z">
    <groups>
    </groups>
    <test name="Testclassname chrome" duration-ms="48515" started-at="2020-02-23T10:08:25Z" finished-at="2020-02-23T10:09:13Z">
      <class name="bonus.MultipleBrowserSequentialRunner">
        <test-method status="PASS" signature="openBrowser(java.lang.String)[pri:0, instance:bonus.MultipleBrowserSequentialRunner@e45f292]" name="openBrowser" is-config="true" duration-ms="1000" started-at="2020-02-23T10:08:25Z" finished-at="2020-02-23T10:08:26Z">
          <params>
            <param index="0">
              <value>
                <![CDATA[chrome]]>
              </value>
            </param>
          </params>
          <reporter-output>
          </reporter-output>
        </test-method> <!-- openBrowser -->
        <test-method status="PASS" signature="testmethod()[pri:0, instance:bonus.MultipleBrowserSequentialRunner@e45f292]" name="testmethod" duration-ms="47411" started-at="2020-02-23T10:08:26Z" finished-at="2020-02-23T10:09:13Z">
          <reporter-output>
          </reporter-output>
        </test-method> <!-- testmethod -->
        <test-method status="PASS" signature="closeBrowser()[pri:0, instance:bonus.MultipleBrowserSequentialRunner@e45f292]" name="closeBrowser" is-config="true" duration-ms="88" started-at="2020-02-23T10:09:13Z" finished-at="2020-02-23T10:09:13Z">
          <reporter-output>
          </reporter-output>
        </test-method> <!-- closeBrowser -->
      </class> <!-- bonus.MultipleBrowserSequentialRunner -->
    </test> <!-- Testclassname chrome -->
    <test name="Testclassname firefox" duration-ms="53424" started-at="2020-02-23T10:09:13Z" finished-at="2020-02-23T10:10:07Z">
      <class name="bonus.MultipleBrowserSequentialRunner">
        <test-method status="PASS" signature="openBrowser(java.lang.String)[pri:0, instance:bonus.MultipleBrowserSequentialRunner@617faa95]" name="openBrowser" is-config="true" duration-ms="2500" started-at="2020-02-23T10:09:13Z" finished-at="2020-02-23T10:09:16Z">
          <params>
            <param index="0">
              <value>
                <![CDATA[firefox]]>
              </value>
            </param>
          </params>
          <reporter-output>
          </reporter-output>
        </test-method> <!-- openBrowser -->
        <test-method status="PASS" signature="testmethod()[pri:0, instance:bonus.MultipleBrowserSequentialRunner@617faa95]" name="testmethod" duration-ms="49477" started-at="2020-02-23T10:09:16Z" finished-at="2020-02-23T10:10:05Z">
          <reporter-output>
          </reporter-output>
        </test-method> <!-- testmethod -->
        <test-method status="PASS" signature="closeBrowser()[pri:0, instance:bonus.MultipleBrowserSequentialRunner@617faa95]" name="closeBrowser" is-config="true" duration-ms="1444" started-at="2020-02-23T10:10:05Z" finished-at="2020-02-23T10:10:07Z">
          <reporter-output>
          </reporter-output>
        </test-method> <!-- closeBrowser -->
      </class> <!-- bonus.MultipleBrowserSequentialRunner -->
    </test> <!-- Testclassname firefox -->
  </suite> <!-- Suiteclassname -->
</testng-results>
