<?xml version="1.0" encoding="UTF-8"?>
<testng-results skipped="0" failed="0" ignored="0" total="2" passed="2">
  <reporter-output>
  </reporter-output>
  <suite name="Suite" duration-ms="47048" started-at="2020-02-23T04:05:01Z" finished-at="2020-02-23T04:05:48Z">
    <groups>
    </groups>
    <test name="Testclassname chrome" duration-ms="37489" started-at="2020-02-23T04:05:01Z" finished-at="2020-02-23T04:05:39Z">
      <class name="bonus.MultipleBrowserParallelRunner">
        <test-method status="PASS" signature="openBrowser(java.lang.String)[pri:0, instance:bonus.MultipleBrowserParallelRunner@e45f292]" name="openBrowser" is-config="true" duration-ms="885" started-at="2020-02-23T04:05:01Z" finished-at="2020-02-23T04:05:02Z">
          <params>
            <param index="0">
              <value>
                <![CDATA[chrome]]>
              </value>
            </param>
          </params>
          <reporter-output>
          </reporter-output>
        </test-method> <!-- openBrowser -->
        <test-method status="PASS" signature="testmethod()[pri:0, instance:bonus.MultipleBrowserParallelRunner@e45f292]" name="testmethod" duration-ms="36519" started-at="2020-02-23T04:05:02Z" finished-at="2020-02-23T04:05:38Z">
          <reporter-output>
          </reporter-output>
        </test-method> <!-- testmethod -->
        <test-method status="PASS" signature="closeBrowser()[pri:0, instance:bonus.MultipleBrowserParallelRunner@e45f292]" name="closeBrowser" is-config="true" duration-ms="70" started-at="2020-02-23T04:05:38Z" finished-at="2020-02-23T04:05:39Z">
          <reporter-output>
          </reporter-output>
        </test-method> <!-- closeBrowser -->
      </class> <!-- bonus.MultipleBrowserParallelRunner -->
    </test> <!-- Testclassname chrome -->
    <test name="Testclassname firefox" duration-ms="47048" started-at="2020-02-23T04:05:01Z" finished-at="2020-02-23T04:05:48Z">
      <class name="bonus.MultipleBrowserParallelRunner">
        <test-method status="PASS" signature="openBrowser(java.lang.String)[pri:0, instance:bonus.MultipleBrowserParallelRunner@617faa95]" name="openBrowser" is-config="true" duration-ms="3847" started-at="2020-02-23T04:05:01Z" finished-at="2020-02-23T04:05:05Z">
          <params>
            <param index="0">
              <value>
                <![CDATA[firefox]]>
              </value>
            </param>
          </params>
          <reporter-output>
          </reporter-output>
        </test-method> <!-- openBrowser -->
        <test-method status="PASS" signature="testmethod()[pri:0, instance:bonus.MultipleBrowserParallelRunner@617faa95]" name="testmethod" duration-ms="38146" started-at="2020-02-23T04:05:05Z" finished-at="2020-02-23T04:05:43Z">
          <reporter-output>
          </reporter-output>
        </test-method> <!-- testmethod -->
        <test-method status="PASS" signature="closeBrowser()[pri:0, instance:bonus.MultipleBrowserParallelRunner@617faa95]" name="closeBrowser" is-config="true" duration-ms="5050" started-at="2020-02-23T04:05:43Z" finished-at="2020-02-23T04:05:48Z">
          <reporter-output>
          </reporter-output>
        </test-method> <!-- closeBrowser -->
      </class> <!-- bonus.MultipleBrowserParallelRunner -->
    </test> <!-- Testclassname firefox -->
  </suite> <!-- Suite -->
</testng-results>
